<?xml version="1.0" encoding="UTF-8"?>
<!-- Generated by org.testng.reporters.JUnitReportReporter -->
<testsuite hostname="AkbaraliN.local" failures="0" tests="1" name="TestngBasic.Assertionn" time="0.010" errors="0" timestamp="2022-04-06T12:22:20 IST" skipped="0">
  <testcase classname="TestngBasic.Assertionn" name="verification" time="0.010"/>
  <system-out/>
</testsuite> <!-- TestngBasic.Assertionn -->
