<?xml version="1.0" encoding="UTF-8"?>
<!-- Generated by org.testng.reporters.JUnitReportReporter -->
<testsuite hostname="AkbaraliN.local" failures="0" tests="2" name="FrameworkSessionone.ClassB" time="0.003" errors="0" timestamp="2022-01-03T16:44:09 IST" skipped="0">
  <testcase classname="FrameworkSessionone.ClassB" name="MethodB" time="0.001"/>
  <system-out/>
  <testcase classname="FrameworkSessionone.ClassB" name="demo" time="0.002"/>
  <system-out/>
</testsuite> <!-- FrameworkSessionone.ClassB -->
