<?xml version="1.0" encoding="UTF-8"?>
<!-- Generated by org.testng.reporters.JUnitReportReporter -->
<testsuite hostname="AkbaraliN.local" failures="0" tests="2" name="TestngBasic.Assertion" time="0.009" errors="0" timestamp="2022-04-05T15:59:00 IST" skipped="1">
  <testcase classname="TestngBasic.Assertion" name="hardcheck" time="0.009"/>
  <system-out/>
  <testcase classname="TestngBasic.Assertion" name="softcheck">
    <skipped/>
  </testcase> <!-- softcheck -->
  <system-out/>
</testsuite> <!-- TestngBasic.Assertion -->
