<?xml version="1.0" encoding="UTF-8"?>
<!-- Generated by org.testng.reporters.JUnitReportReporter -->
<testsuite hostname="AkbaraliN.local" failures="0" tests="1" name="Testcases.LoginTest" time="0.328" errors="0" timestamp="2022-04-05T16:19:59 IST" skipped="0">
  <testcase classname="Testcases.LoginTest" name="login" time="0.328"/>
  <system-out/>
</testsuite> <!-- Testcases.LoginTest -->
