<?xml version="1.0" encoding="UTF-8"?>
<!-- Generated by org.testng.reporters.JUnitReportReporter -->
<testsuite hostname="AkbaraliN.local" failures="0" tests="4" name="Testcases.Priority" time="0.006" errors="0" timestamp="2022-05-31T15:59:50 IST" skipped="2">
  <testcase classname="Testcases.Priority" name="star" time="0.001"/>
  <system-out/>
  <testcase classname="Testcases.Priority" name="factorialmethod" time="0.005"/>
  <system-out/>
  <testcase classname="Testcases.Priority" name="multwonumber">
    <skipped/>
  </testcase> <!-- multwonumber -->
  <system-out/>
  <testcase classname="Testcases.Priority" name="sumtwonumber">
    <skipped/>
  </testcase> <!-- sumtwonumber -->
  <system-out/>
</testsuite> <!-- Testcases.Priority -->
