<?xml version="1.0" encoding="UTF-8"?>
<!-- Generated by org.testng.reporters.JUnitReportReporter -->
<testsuite hostname="AkbaraliN.local" failures="0" tests="2" name="FrameworkSessionone.Assertion" time="0.011" errors="0" timestamp="2022-02-08T19:04:49 IST" skipped="1">
  <testcase classname="FrameworkSessionone.Assertion" name="hardcheck" time="0.011"/>
  <system-out/>
  <testcase classname="FrameworkSessionone.Assertion" name="softcheck">
    <skipped/>
  </testcase> <!-- softcheck -->
  <system-out/>
</testsuite> <!-- FrameworkSessionone.Assertion -->
