<?xml version="1.0" encoding="UTF-8"?>
<!-- Generated by org.testng.reporters.JUnitReportReporter -->
<testsuite hostname="AkbaraliN.local" failures="0" tests="4" name="FrameworkSessionone.GroupingConcept" time="0.008" errors="0" timestamp="2021-12-30T19:57:26 IST" skipped="0">
  <testcase classname="FrameworkSessionone.GroupingConcept" name="Methodtwo" time="0.001"/>
  <system-out/>
  <testcase classname="FrameworkSessionone.GroupingConcept" name="Methodthree" time="0.005"/>
  <system-out/>
  <testcase classname="FrameworkSessionone.GroupingConcept" name="Methodone" time="0.001"/>
  <system-out/>
  <testcase classname="FrameworkSessionone.GroupingConcept" name="Methodfour" time="0.001"/>
  <system-out/>
</testsuite> <!-- FrameworkSessionone.GroupingConcept -->
