<?xml version="1.0" encoding="UTF-8"?>
<!-- Generated by org.testng.reporters.JUnitReportReporter -->
<testsuite hostname="AkbaraliN.local" failures="0" tests="1" name="FrameworkSessionone.Excercise" time="0.006" errors="0" timestamp="2022-01-03T19:15:19 IST" skipped="0">
  <testcase classname="FrameworkSessionone.Excercise" name="Substraction" time="0.006"/>
  <system-out/>
</testsuite> <!-- FrameworkSessionone.Excercise -->
