<?xml version="1.0" encoding="UTF-8"?>
<!-- Generated by org.testng.reporters.JUnitReportReporter -->
<testsuite hostname="AkbaraliN.local" failures="0" tests="1" name="recoursedata.BaseClass" time="0.006" errors="0" timestamp="2022-03-02T14:56:06 IST" skipped="0">
  <testcase classname="recoursedata.BaseClass" name="initialization" time="0.006"/>
  <system-out/>
</testsuite> <!-- recoursedata.BaseClass -->
