<?xml version="1.0" encoding="UTF-8"?>
<!-- Generated by org.testng.reporters.JUnitReportReporter -->
<testsuite hostname="AkbaraliN.local" failures="0" tests="1" name="Testcases.LoginTestcase" time="14.328" errors="0" timestamp="2022-02-24T17:37:11 IST" skipped="0">
  <testcase classname="Testcases.LoginTestcase" name="login" time="14.328"/>
  <system-out/>
</testsuite> <!-- Testcases.LoginTestcase -->
