<?xml version="1.0" encoding="UTF-8"?>
<!-- Generated by org.testng.reporters.JUnitReportReporter -->
<testsuite hostname="AkbaraliN.local" failures="0" tests="2" name="FrameworkSessionone.Annotation" time="0.007" errors="0" timestamp="2022-02-11T13:48:14 IST" skipped="0">
  <testcase classname="FrameworkSessionone.Annotation" name="Firstmethod" time="0.006"/>
  <system-out/>
  <testcase classname="FrameworkSessionone.Annotation" name="Secondmethod" time="0.001"/>
  <system-out/>
</testsuite> <!-- FrameworkSessionone.Annotation -->
