<?xml version="1.0" encoding="UTF-8"?>
<!-- Generated by org.testng.reporters.JUnitReportReporter -->
<testsuite hostname="AkbaraliN.local" failures="0" tests="4" name="FrameworkSessionone.TestngBasic" time="0.006" errors="0" timestamp="2022-01-03T16:43:47 IST" skipped="1">
  <testcase classname="FrameworkSessionone.TestngBasic" name="methodone" time="0.000"/>
  <system-out/>
  <testcase classname="FrameworkSessionone.TestngBasic" name="method3" time="0.005"/>
  <system-out/>
  <testcase classname="FrameworkSessionone.TestngBasic" name="method4" time="0.001"/>
  <system-out/>
  <testcase classname="FrameworkSessionone.TestngBasic" name="method2">
    <skipped/>
  </testcase> <!-- method2 -->
  <system-out/>
</testsuite> <!-- FrameworkSessionone.TestngBasic -->
