<?xml version="1.0" encoding="UTF-8"?>
<!-- Generated by org.testng.reporters.JUnitReportReporter -->
<testsuite hostname="AkbaraliN.local" failures="0" tests="2" name="FrameworkSessionone.Parameter" time="0.021" errors="0" timestamp="2022-01-03T15:59:50 IST" skipped="1">
  <testcase classname="FrameworkSessionone.Parameter" name="sum" time="0.021"/>
  <system-out/>
  <testcase classname="FrameworkSessionone.Parameter" name="parametertest">
    <skipped/>
  </testcase> <!-- parametertest -->
  <system-out/>
</testsuite> <!-- FrameworkSessionone.Parameter -->
