<?xml version="1.0" encoding="UTF-8"?>
<!-- Generated by org.testng.reporters.JUnitReportReporter -->
<testsuite hostname="AkbaraliN.local" failures="0" tests="2" name="FrameworkSessionone.exercise" time="0.007" errors="0" timestamp="2022-02-08T19:00:53 IST" skipped="0">
  <testcase classname="FrameworkSessionone.exercise" name="firstmethod" time="0.006"/>
  <system-out/>
  <testcase classname="FrameworkSessionone.exercise" name="secondmethod" time="0.001"/>
  <system-out/>
</testsuite> <!-- FrameworkSessionone.exercise -->
