<?xml version="1.0" encoding="UTF-8"?>
<!-- Generated by org.testng.reporters.JUnitReportReporter -->
<testsuite hostname="AkbaraliN.local" failures="0" tests="2" name="TestngBasic.BeforandAfterAnnotation" time="0.005" errors="0" timestamp="2022-04-05T17:42:06 IST" skipped="0">
  <testcase classname="TestngBasic.BeforandAfterAnnotation" name="sum" time="0.001"/>
  <system-out/>
  <testcase classname="TestngBasic.BeforandAfterAnnotation" name="print" time="0.004"/>
  <system-out/>
</testsuite> <!-- TestngBasic.BeforandAfterAnnotation -->
