<?xml version="1.0" encoding="UTF-8"?>
<!-- Generated by org.testng.reporters.JUnitReportReporter -->
<testsuite hostname="AkbaraliN.local" failures="0" tests="1" name="FrameworkSessionone.DataProvder" time="0.009" errors="0" timestamp="2022-01-06T12:03:52 IST" skipped="0">
  <testcase classname="FrameworkSessionone.DataProvder" name="Empdetail" time="0.009"/>
  <system-out/>
</testsuite> <!-- FrameworkSessionone.DataProvder -->
