<?xml version="1.0" encoding="UTF-8"?>
<!-- Generated by org.testng.reporters.JUnitReportReporter -->
<testsuite hostname="AkbaraliN.local" failures="0" tests="15" name="FrameworkSessionone.Invocation" time="0.017" errors="0" timestamp="2022-01-09T11:47:50 IST" skipped="0">
  <testcase classname="FrameworkSessionone.Invocation" name="compnydetail" time="0.001"/>
  <system-out/>
  <testcase classname="FrameworkSessionone.Invocation" name="empdetail" time="0.001"/>
  <system-out/>
  <testcase classname="FrameworkSessionone.Invocation" name="compnydetail" time="0.006"/>
  <system-out/>
  <testcase classname="FrameworkSessionone.Invocation" name="empdetail" time="0.001"/>
  <system-out/>
  <testcase classname="FrameworkSessionone.Invocation" name="empdetail" time="0.000"/>
  <system-out/>
  <testcase classname="FrameworkSessionone.Invocation" name="compnydetail" time="0.001"/>
  <system-out/>
  <testcase classname="FrameworkSessionone.Invocation" name="compnydetail" time="0.000"/>
  <system-out/>
  <testcase classname="FrameworkSessionone.Invocation" name="empdetail" time="0.000"/>
  <system-out/>
  <testcase classname="FrameworkSessionone.Invocation" name="compnydetail" time="0.001"/>
  <system-out/>
  <testcase classname="FrameworkSessionone.Invocation" name="compnydetail" time="0.001"/>
  <system-out/>
  <testcase classname="FrameworkSessionone.Invocation" name="compnydetail" time="0.001"/>
  <system-out/>
  <testcase classname="FrameworkSessionone.Invocation" name="compnydetail" time="0.001"/>
  <system-out/>
  <testcase classname="FrameworkSessionone.Invocation" name="compnydetail" time="0.001"/>
  <system-out/>
  <testcase classname="FrameworkSessionone.Invocation" name="empdetail" time="0.001"/>
  <system-out/>
  <testcase classname="FrameworkSessionone.Invocation" name="compnydetail" time="0.001"/>
  <system-out/>
</testsuite> <!-- FrameworkSessionone.Invocation -->
