<?xml version="1.0" encoding="UTF-8"?>
<!-- Generated by org.testng.reporters.JUnitReportReporter -->
<testsuite hostname="AkbaraliN.local" failures="0" tests="2" name="FrameworkSessionone.Exercisee" time="0.006" errors="0" timestamp="2022-02-08T19:22:08 IST" skipped="0">
  <testcase classname="FrameworkSessionone.Exercisee" name="firstmethod" time="0.005"/>
  <system-out/>
  <testcase classname="FrameworkSessionone.Exercisee" name="secondmethod" time="0.001"/>
  <system-out/>
</testsuite> <!-- FrameworkSessionone.Exercisee -->
