<?xml version="1.0" encoding="UTF-8"?>
<!-- Generated by org.testng.reporters.JUnitReportReporter -->
<testsuite hostname="AkbaraliN.local" failures="0" tests="2" name="FrameworkSessionone.ClassA" time="0.006" errors="0" timestamp="2022-01-03T16:44:09 IST" skipped="0">
  <testcase classname="FrameworkSessionone.ClassA" name="Sampletwo" time="0.000"/>
  <system-out/>
  <testcase classname="FrameworkSessionone.ClassA" name="Sampleone" time="0.006"/>
  <system-out/>
</testsuite> <!-- FrameworkSessionone.ClassA -->
