<?xml version="1.0" encoding="UTF-8"?>
<!-- Generated by org.testng.reporters.JUnitReportReporter -->
<testsuite hostname="AkbaraliN.local" failures="0" tests="2" name="TestngBasic.BeforandAfterAnnotation" time="0.002" errors="0" timestamp="2022-06-06T18:02:30 IST" skipped="0">
  <testcase classname="TestngBasic.BeforandAfterAnnotation" name="sum" time="0.001"/>
  <system-out/>
  <testcase classname="TestngBasic.BeforandAfterAnnotation" name="print" time="0.001"/>
  <system-out/>
</testsuite> <!-- TestngBasic.BeforandAfterAnnotation -->
